Determining if the pthread_create exist failed with the following output:
Change Dir: /opt/docker_cuda_opencv/git4us/lenna/build/CMakeFiles/CMakeTmp

Run Build Command:"/usr/bin/make" "cmTC_9ec84/fast"
/usr/bin/make -f CMakeFiles/cmTC_9ec84.dir/build.make CMakeFiles/cmTC_9ec84.dir/build
make[1]: Entering directory '/opt/docker_cuda_opencv/git4us/lenna/build/CMakeFiles/CMakeTmp'
Building C object CMakeFiles/cmTC_9ec84.dir/CheckSymbolExists.c.o
/usr/bin/cc   -fPIC    -o CMakeFiles/cmTC_9ec84.dir/CheckSymbolExists.c.o   -c /opt/docker_cuda_opencv/git4us/lenna/build/CMakeFiles/CMakeTmp/CheckSymbolExists.c
Linking C executable cmTC_9ec84
/usr/bin/cmake -E cmake_link_script CMakeFiles/cmTC_9ec84.dir/link.txt --verbose=1
/usr/bin/cc -fPIC     -rdynamic CMakeFiles/cmTC_9ec84.dir/CheckSymbolExists.c.o  -o cmTC_9ec84 
CMakeFiles/cmTC_9ec84.dir/CheckSymbolExists.c.o: In function `main':
CheckSymbolExists.c:(.text+0x1b): undefined reference to `pthread_create'
collect2: error: ld returned 1 exit status
CMakeFiles/cmTC_9ec84.dir/build.make:97: recipe for target 'cmTC_9ec84' failed
make[1]: *** [cmTC_9ec84] Error 1
make[1]: Leaving directory '/opt/docker_cuda_opencv/git4us/lenna/build/CMakeFiles/CMakeTmp'
Makefile:126: recipe for target 'cmTC_9ec84/fast' failed
make: *** [cmTC_9ec84/fast] Error 2

File /opt/docker_cuda_opencv/git4us/lenna/build/CMakeFiles/CMakeTmp/CheckSymbolExists.c:
/* */
#include <pthread.h>

int main(int argc, char** argv)
{
  (void)argv;
#ifndef pthread_create
  return ((int*)(&pthread_create))[argc];
#else
  (void)argc;
  return 0;
#endif
}

Determining if the function pthread_create exists in the pthreads failed with the following output:
Change Dir: /opt/docker_cuda_opencv/git4us/lenna/build/CMakeFiles/CMakeTmp

Run Build Command:"/usr/bin/make" "cmTC_d2467/fast"
/usr/bin/make -f CMakeFiles/cmTC_d2467.dir/build.make CMakeFiles/cmTC_d2467.dir/build
make[1]: Entering directory '/opt/docker_cuda_opencv/git4us/lenna/build/CMakeFiles/CMakeTmp'
Building C object CMakeFiles/cmTC_d2467.dir/CheckFunctionExists.c.o
/usr/bin/cc   -fPIC -DCHECK_FUNCTION_EXISTS=pthread_create   -o CMakeFiles/cmTC_d2467.dir/CheckFunctionExists.c.o   -c /usr/share/cmake-3.10/Modules/CheckFunctionExists.c
Linking C executable cmTC_d2467
/usr/bin/cmake -E cmake_link_script CMakeFiles/cmTC_d2467.dir/link.txt --verbose=1
/usr/bin/cc -fPIC -DCHECK_FUNCTION_EXISTS=pthread_create    -rdynamic CMakeFiles/cmTC_d2467.dir/CheckFunctionExists.c.o  -o cmTC_d2467 -lpthreads 
/usr/bin/ld: cannot find -lpthreads
collect2: error: ld returned 1 exit status
CMakeFiles/cmTC_d2467.dir/build.make:97: recipe for target 'cmTC_d2467' failed
make[1]: *** [cmTC_d2467] Error 1
make[1]: Leaving directory '/opt/docker_cuda_opencv/git4us/lenna/build/CMakeFiles/CMakeTmp'
Makefile:126: recipe for target 'cmTC_d2467/fast' failed
make: *** [cmTC_d2467/fast] Error 2


